This is pdfTeX, Version 3.141592653-2.6-1.40.26 (TeX Live 2024) (preloaded format=pdflatex 2024.10.13)  21 JAN 2025 22:53
entering extended mode
 restricted \write18 enabled.
 file:line:error style messages enabled.
 %&-line parsing enabled.
**"/Users/cemandrewgultekin/Documents/GitHub/MLAI-11/Latex Report/selection.tex"
(/Users/cemandrewgultekin/Documents/GitHub/MLAI-11/Latex Report/selection.tex
LaTeX2e <2023-11-01> patch level 1
L3 programming layer <2024-02-20>
(./LSkill.cls
Document Class: LSkill 
(/usr/local/texlive/2024/texmf-dist/tex/latex/base/size10.clo
File: size10.clo 2023/05/17 v1.4n Standard LaTeX file (size option)
)
\c@part=\count188
\c@section=\count189
\c@subsection=\count190
\c@subsubsection=\count191
\c@paragraph=\count192
\c@subparagraph=\count193
\c@figure=\count194
\c@table=\count195
\abovecaptionskip=\skip48
\belowcaptionskip=\skip49
\bibindent=\dimen140
) (/usr/local/texlive/2024/texmf-dist/tex/latex/hyperref/hyperref.sty
Package: hyperref 2024-01-20 v7.01h Hypertext links for LaTeX
 (/usr/local/texlive/2024/texmf-dist/tex/generic/iftex/iftex.sty
Package: iftex 2022/02/03 v1.0f TeX engine tests
) (/usr/local/texlive/2024/texmf-dist/tex/latex/graphics/keyval.sty
Package: keyval 2022/05/29 v1.15 key=value parser (DPC)
\KV@toks@=\toks17
) (/usr/local/texlive/2024/texmf-dist/tex/latex/kvsetkeys/kvsetkeys.sty
Package: kvsetkeys 2022-10-05 v1.19 Key value parser (HO)
) (/usr/local/texlive/2024/texmf-dist/tex/generic/kvdefinekeys/kvdefinekeys.sty
Package: kvdefinekeys 2019-12-19 v1.6 Define keys (HO)
) (/usr/local/texlive/2024/texmf-dist/tex/generic/pdfescape/pdfescape.sty
Package: pdfescape 2019/12/09 v1.15 Implements pdfTeX's escape features (HO)
 (/usr/local/texlive/2024/texmf-dist/tex/generic/ltxcmds/ltxcmds.sty
Package: ltxcmds 2023-12-04 v1.26 LaTeX kernel commands for general use (HO)
) (/usr/local/texlive/2024/texmf-dist/tex/generic/pdftexcmds/pdftexcmds.sty
Package: pdftexcmds 2020-06-27 v0.33 Utility functions of pdfTeX for LuaTeX (HO)
 (/usr/local/texlive/2024/texmf-dist/tex/generic/infwarerr/infwarerr.sty
Package: infwarerr 2019/12/03 v1.5 Providing info/warning/error messages (HO)
)
Package pdftexcmds Info: \pdf@primitive is available.
Package pdftexcmds Info: \pdf@ifprimitive is available.
Package pdftexcmds Info: \pdfdraftmode found.
)) (/usr/local/texlive/2024/texmf-dist/tex/latex/hycolor/hycolor.sty
Package: hycolor 2020-01-27 v1.10 Color options for hyperref/bookmark (HO)
) (/usr/local/texlive/2024/texmf-dist/tex/latex/auxhook/auxhook.sty
Package: auxhook 2019-12-17 v1.6 Hooks for auxiliary files (HO)
) (/usr/local/texlive/2024/texmf-dist/tex/latex/hyperref/nameref.sty
Package: nameref 2023-11-26 v2.56 Cross-referencing by name of section
 (/usr/local/texlive/2024/texmf-dist/tex/latex/refcount/refcount.sty
Package: refcount 2019/12/15 v3.6 Data extraction from label references (HO)
) (/usr/local/texlive/2024/texmf-dist/tex/generic/gettitlestring/gettitlestring.sty
Package: gettitlestring 2019/12/15 v1.6 Cleanup title references (HO)
 (/usr/local/texlive/2024/texmf-dist/tex/latex/kvoptions/kvoptions.sty
Package: kvoptions 2022-06-15 v3.15 Key value format for package options (HO)
))
\c@section@level=\count196
) (/usr/local/texlive/2024/texmf-dist/tex/latex/etoolbox/etoolbox.sty
Package: etoolbox 2020/10/05 v2.5k e-TeX tools for LaTeX (JAW)
\etb@tempcnta=\count197
)
\@linkdim=\dimen141
\Hy@linkcounter=\count198
\Hy@pagecounter=\count199
 (/usr/local/texlive/2024/texmf-dist/tex/latex/hyperref/pd1enc.def
File: pd1enc.def 2024-01-20 v7.01h Hyperref: PDFDocEncoding definition (HO)
Now handling font encoding PD1 ...
... no UTF-8 mapping file for font encoding PD1
) (/usr/local/texlive/2024/texmf-dist/tex/generic/intcalc/intcalc.sty
Package: intcalc 2019/12/15 v1.3 Expandable calculations with integers (HO)
)
\Hy@SavedSpaceFactor=\count266
 (/usr/local/texlive/2024/texmf-dist/tex/latex/hyperref/puenc.def
File: puenc.def 2024-01-20 v7.01h Hyperref: PDF Unicode definition (HO)
Now handling font encoding PU ...
... no UTF-8 mapping file for font encoding PU
)
Package hyperref Info: Hyper figures OFF on input line 4179.
Package hyperref Info: Link nesting OFF on input line 4184.
Package hyperref Info: Hyper index ON on input line 4187.
Package hyperref Info: Plain pages OFF on input line 4194.
Package hyperref Info: Backreferencing OFF on input line 4199.
Package hyperref Info: Implicit mode ON; LaTeX internals redefined.
Package hyperref Info: Bookmarks ON on input line 4446.
\c@Hy@tempcnt=\count267
 (/usr/local/texlive/2024/texmf-dist/tex/latex/url/url.sty
\Urlmuskip=\muskip16
Package: url 2013/09/16  ver 3.4  Verb mode for urls, etc.
)
LaTeX Info: Redefining \url on input line 4784.
\XeTeXLinkMargin=\dimen142
 (/usr/local/texlive/2024/texmf-dist/tex/generic/bitset/bitset.sty
Package: bitset 2019/12/09 v1.3 Handle bit-vector datatype (HO)
 (/usr/local/texlive/2024/texmf-dist/tex/generic/bigintcalc/bigintcalc.sty
Package: bigintcalc 2019/12/15 v1.5 Expandable calculations on big integers (HO)
))
\Fld@menulength=\count268
\Field@Width=\dimen143
\Fld@charsize=\dimen144
Package hyperref Info: Hyper figures OFF on input line 6063.
Package hyperref Info: Link nesting OFF on input line 6068.
Package hyperref Info: Hyper index ON on input line 6071.
Package hyperref Info: backreferencing OFF on input line 6078.
Package hyperref Info: Link coloring OFF on input line 6083.
Package hyperref Info: Link coloring with OCG OFF on input line 6088.
Package hyperref Info: PDF/A mode OFF on input line 6093.
 (/usr/local/texlive/2024/texmf-dist/tex/latex/base/atbegshi-ltx.sty
Package: atbegshi-ltx 2021/01/10 v1.0c Emulation of the original atbegshi
package with kernel methods
)
\Hy@abspage=\count269
\c@Item=\count270
\c@Hfootnote=\count271
)
Package hyperref Info: Driver (autodetected): hpdftex.
 (/usr/local/texlive/2024/texmf-dist/tex/latex/hyperref/hpdftex.def
File: hpdftex.def 2024-01-20 v7.01h Hyperref driver for pdfTeX
 (/usr/local/texlive/2024/texmf-dist/tex/latex/base/atveryend-ltx.sty
Package: atveryend-ltx 2020/08/19 v1.0a Emulation of the original atveryend package
with kernel methods
)
\Fld@listcount=\count272
\c@bookmark@seq@number=\count273
 (/usr/local/texlive/2024/texmf-dist/tex/latex/rerunfilecheck/rerunfilecheck.sty
Package: rerunfilecheck 2022-07-10 v1.10 Rerun checks for auxiliary files (HO)
 (/usr/local/texlive/2024/texmf-dist/tex/generic/uniquecounter/uniquecounter.sty
Package: uniquecounter 2019/12/15 v1.4 Provide unlimited unique counter (HO)
)
Package uniquecounter Info: New unique counter `rerunfilecheck' on input line 285.
)
\Hy@SectionHShift=\skip50
) (/usr/local/texlive/2024/texmf-dist/tex/latex/graphics/graphicx.sty
Package: graphicx 2021/09/16 v1.2d Enhanced LaTeX Graphics (DPC,SPQR)
 (/usr/local/texlive/2024/texmf-dist/tex/latex/graphics/graphics.sty
Package: graphics 2022/03/10 v1.4e Standard LaTeX Graphics (DPC,SPQR)
 (/usr/local/texlive/2024/texmf-dist/tex/latex/graphics/trig.sty
Package: trig 2021/08/11 v1.11 sin cos tan (DPC)
) (/usr/local/texlive/2024/texmf-dist/tex/latex/graphics-cfg/graphics.cfg
File: graphics.cfg 2016/06/04 v1.11 sample graphics configuration
)
Package graphics Info: Driver file: pdftex.def on input line 107.
 (/usr/local/texlive/2024/texmf-dist/tex/latex/graphics-def/pdftex.def
File: pdftex.def 2022/09/22 v1.2b Graphics/color driver for pdftex
))
\Gin@req@height=\dimen145
\Gin@req@width=\dimen146
) (/usr/local/texlive/2024/texmf-dist/tex/latex/amsmath/amsmath.sty
Package: amsmath 2023/05/13 v2.17o AMS math features
\@mathmargin=\skip51

For additional information on amsmath, use the `?' option.
(/usr/local/texlive/2024/texmf-dist/tex/latex/amsmath/amstext.sty
Package: amstext 2021/08/26 v2.01 AMS text
 (/usr/local/texlive/2024/texmf-dist/tex/latex/amsmath/amsgen.sty
File: amsgen.sty 1999/11/30 v2.0 generic functions
\@emptytoks=\toks18
\ex@=\dimen147
)) (/usr/local/texlive/2024/texmf-dist/tex/latex/amsmath/amsbsy.sty
Package: amsbsy 1999/11/29 v1.2d Bold Symbols
\pmbraise@=\dimen148
) (/usr/local/texlive/2024/texmf-dist/tex/latex/amsmath/amsopn.sty
Package: amsopn 2022/04/08 v2.04 operator names
)
\inf@bad=\count274
LaTeX Info: Redefining \frac on input line 234.
\uproot@=\count275
\leftroot@=\count276
LaTeX Info: Redefining \overline on input line 399.
LaTeX Info: Redefining \colon on input line 410.
\classnum@=\count277
\DOTSCASE@=\count278
LaTeX Info: Redefining \ldots on input line 496.
LaTeX Info: Redefining \dots on input line 499.
LaTeX Info: Redefining \cdots on input line 620.
\Mathstrutbox@=\box51
\strutbox@=\box52
LaTeX Info: Redefining \big on input line 722.
LaTeX Info: Redefining \Big on input line 723.
LaTeX Info: Redefining \bigg on input line 724.
LaTeX Info: Redefining \Bigg on input line 725.
\big@size=\dimen149
LaTeX Font Info:    Redeclaring font encoding OML on input line 743.
LaTeX Font Info:    Redeclaring font encoding OMS on input line 744.
\macc@depth=\count279
LaTeX Info: Redefining \bmod on input line 905.
LaTeX Info: Redefining \pmod on input line 910.
LaTeX Info: Redefining \smash on input line 940.
LaTeX Info: Redefining \relbar on input line 970.
LaTeX Info: Redefining \Relbar on input line 971.
\c@MaxMatrixCols=\count280
\dotsspace@=\muskip17
\c@parentequation=\count281
\dspbrk@lvl=\count282
\tag@help=\toks19
\row@=\count283
\column@=\count284
\maxfields@=\count285
\andhelp@=\toks20
\eqnshift@=\dimen150
\alignsep@=\dimen151
\tagshift@=\dimen152
\tagwidth@=\dimen153
\totwidth@=\dimen154
\lineht@=\dimen155
\@envbody=\toks21
\multlinegap=\skip52
\multlinetaggap=\skip53
\mathdisplay@stack=\toks22
LaTeX Info: Redefining \[ on input line 2953.
LaTeX Info: Redefining \] on input line 2954.
) (/usr/local/texlive/2024/texmf-dist/tex/latex/l3backend/l3backend-pdftex.def
File: l3backend-pdftex.def 2024-02-20 L3 backend support: PDF output (pdfTeX)
\l__color_backend_stack_int=\count286
\l__pdf_internal_box=\box53
)
No file selection.aux.
\openout1 = `selection.aux'.

LaTeX Font Info:    Checking defaults for OML/cmm/m/it on input line 9.
LaTeX Font Info:    ... okay on input line 9.
LaTeX Font Info:    Checking defaults for OMS/cmsy/m/n on input line 9.
LaTeX Font Info:    ... okay on input line 9.
LaTeX Font Info:    Checking defaults for OT1/cmr/m/n on input line 9.
LaTeX Font Info:    ... okay on input line 9.
LaTeX Font Info:    Checking defaults for T1/cmr/m/n on input line 9.
LaTeX Font Info:    ... okay on input line 9.
LaTeX Font Info:    Checking defaults for TS1/cmr/m/n on input line 9.
LaTeX Font Info:    ... okay on input line 9.
LaTeX Font Info:    Checking defaults for OMX/cmex/m/n on input line 9.
LaTeX Font Info:    ... okay on input line 9.
LaTeX Font Info:    Checking defaults for U/cmr/m/n on input line 9.
LaTeX Font Info:    ... okay on input line 9.
LaTeX Font Info:    Checking defaults for PD1/pdf/m/n on input line 9.
LaTeX Font Info:    ... okay on input line 9.
LaTeX Font Info:    Checking defaults for PU/pdf/m/n on input line 9.
LaTeX Font Info:    ... okay on input line 9.
Package hyperref Info: Link coloring OFF on input line 9.
\@outlinefile=\write3
\openout3 = `selection.out'.

(/usr/local/texlive/2024/texmf-dist/tex/context/base/mkii/supp-pdf.mkii
[Loading MPS to PDF converter (version 2006.09.02).]
\scratchcounter=\count287
\scratchdimen=\dimen156
\scratchbox=\box54
\nofMPsegments=\count288
\nofMParguments=\count289
\everyMPshowfont=\toks23
\MPscratchCnt=\count290
\MPscratchDim=\dimen157
\MPnumerator=\count291
\makeMPintoPDFobject=\count292
\everyMPtoPDFconversion=\toks24
) (/usr/local/texlive/2024/texmf-dist/tex/latex/epstopdf-pkg/epstopdf-base.sty
Package: epstopdf-base 2020-01-24 v2.11 Base part for package epstopdf
 (/usr/local/texlive/2024/texmf-dist/tex/latex/grfext/grfext.sty
Package: grfext 2019/12/03 v1.3 Manage graphics extensions (HO)
)
Package epstopdf-base Info: Redefining graphics rule for `.eps' on input line 485.
Package grfext Info: Graphics extension search list:
(grfext)             [.pdf,.png,.jpg,.mps,.jpeg,.jbig2,.jb2,.PDF,.PNG,.JPG,.JPEG,.JBIG2,.JB2,.eps]
(grfext)             \AppendGraphicsExtensions on input line 504.
 (/usr/local/texlive/2024/texmf-dist/tex/latex/latexconfig/epstopdf-sys.cfg
File: epstopdf-sys.cfg 2010/07/13 v1.3 Configuration of (r)epstopdf for TeX Live
))
No file selection.toc.
\tf@toc=\write4
\openout4 = `selection.toc'.


Underfull \hbox (badness 2376) in paragraph at lines 24--25
\OT1/cmr/m/n/9 ing agents to play 2 ver-sus 2 foot-ball us-ing the
 []


Underfull \hbox (badness 5036) in paragraph at lines 24--25
\OT1/cmr/m/n/9 MA-POCA al-go-rithm re-quires a learn-ing rate of
 []


LaTeX Warning: Citation `Busoniu2008' on page 1 undefined on input line 38.


LaTeX Warning: Citation `Smit2023' on page 1 undefined on input line 38.


LaTeX Warning: Citation `Yu2022' on page 1 undefined on input line 38.

[1{/usr/local/texlive/2024/texmf-var/fonts/map/pdftex/updmap/pdftex.map}


]

LaTeX Warning: Reference `sec:implementation' on page 2 undefined on input line 46.


Underfull \hbox (badness 2376) in paragraph at lines 56--56
[]\OT1/cmr/bx/n/12 Methods for in-editor vs pre-
 []

[2]

LaTeX Warning: Citation `Cohen2022' on page 3 undefined on input line 87.

[3]
Underfull \hbox (badness 10000) in paragraph at lines 132--132
[]\OT1/cmr/bx/n/12 Configuration Gen-er-a-tion and
 []

LaTeX Font Info:    Trying to load font information for OMS+cmr on input line 138.
(/usr/local/texlive/2024/texmf-dist/tex/latex/base/omscmr.fd
File: omscmr.fd 2023/04/13 v2.5m Standard LaTeX font definitions
)
LaTeX Font Info:    Font shape `OMS/cmr/m/n' in size <9> not available
(Font)              Font shape `OMS/cmsy/m/n' tried instead on input line 138.

Underfull \hbox (badness 5302) in paragraph at lines 148--149
\OT1/cmr/m/n/9 function ex-e-cuted the train-ing pro-cess us-ing the
 []

[4{/usr/local/texlive/2024/texmf-dist/fonts/enc/dvips/cm-super/cm-super-ts1.enc}]
Underfull \hbox (badness 1571) in paragraph at lines 184--184
[]\OT1/cmr/bx/n/12 Finding The Op-ti-mal Learn-ing
 []


Underfull \hbox (badness 1320) in paragraph at lines 187--187
[] \OT1/cmr/bx/n/12 Find-ing The Op-ti-mal Hid-den
 []


Underfull \hbox (badness 1571) in paragraph at lines 201--201
[]\OT1/cmr/bx/n/12 Finding The Op-ti-mal Learn-ing
 []

[5]

LaTeX Warning: Reference `subsec:batchsize-exp' on page 6 undefined on input line 259.


Underfull \hbox (badness 2269) in paragraph at lines 263--264
[]\OT1/cmr/bx/n/9 Baseline Loss: \OT1/cmr/m/n/9 Batch size 1024 con-sis-tently
 []

[6]

LaTeX Warning: Reference `subsec:fields-exp' on page 7 undefined on input line 271.

[7]

LaTeX Warning: File `Figures/Sensor Elo.png' not found on input line 327.


/Users/cemandrewgultekin/Documents/GitHub/MLAI-11/Latex Report/selection.tex:327: Package pdftex.def Error: File `Figures/Sensor Elo.png' not found: using draft setting.

See the pdftex.def package documentation for explanation.
Type  H <return>  for immediate help.
 ...                                              
                                                  
l.327 ...= 0.35\textwidth]{Figures/Sensor Elo.png}
                                                  
Try typing  <return>  to proceed.
If that doesn't work, type  X <return>  to quit.


LaTeX Warning: File `Figures/Sensor Policy Loss.png' not found on input line 328.


/Users/cemandrewgultekin/Documents/GitHub/MLAI-11/Latex Report/selection.tex:328: Package pdftex.def Error: File `Figures/Sensor Policy Loss.png' not found: using draft setting.

See the pdftex.def package documentation for explanation.
Type  H <return>  for immediate help.
 ...                                              
                                                  
l.328 ...extwidth]{Figures/Sensor Policy Loss.png}
                                                  
Try typing  <return>  to proceed.
If that doesn't work, type  X <return>  to quit.


LaTeX Warning: File `Figures/Sensor Cumulative Reward.png' not found on input line 329.


/Users/cemandrewgultekin/Documents/GitHub/MLAI-11/Latex Report/selection.tex:329: Package pdftex.def Error: File `Figures/Sensor Cumulative Reward.png' not found: using draft setting.

See the pdftex.def package documentation for explanation.
Type  H <return>  for immediate help.
 ...                                              
                                                  
l.329 ...th]{Figures/Sensor Cumulative Reward.png}
                                                  
Try typing  <return>  to proceed.
If that doesn't work, type  X <return>  to quit.


Underfull \hbox (badness 10000) in paragraph at lines 327--330
[]
 []


Underfull \hbox (badness 10000) in paragraph at lines 327--330
[]
 []

[8] [9]
Underfull \hbox (badness 1152) in paragraph at lines 369--370
\OT1/cmr/m/n/9 2 ver-sus 2 foot-ball us-ing the MA-POCA al-go-rithm
 []

(./selection.bbl)

LaTeX Warning: File `Appendix/ELOeditor.png' not found on input line 377.


/Users/cemandrewgultekin/Documents/GitHub/MLAI-11/Latex Report/selection.tex:377: Package pdftex.def Error: File `Appendix/ELOeditor.png' not found: using draft setting.

See the pdftex.def package documentation for explanation.
Type  H <return>  for immediate help.
 ...                                              
                                                  
l.377 ...th=0.5\textwidth]{Appendix/ELOeditor.png}
                                                  \\
Try typing  <return>  to proceed.
If that doesn't work, type  X <return>  to quit.


Overfull \hbox (5.0pt too wide) in paragraph at lines 377--379
[] 
 []


LaTeX Warning: File `Appendix/RewardEditor.png' not found on input line 380.


/Users/cemandrewgultekin/Documents/GitHub/MLAI-11/Latex Report/selection.tex:380: Package pdftex.def Error: File `Appendix/RewardEditor.png' not found: using draft setting.

See the pdftex.def package documentation for explanation.
Type  H <return>  for immediate help.
 ...                                              
                                                  
l.380 ...0.5\textwidth]{Appendix/RewardEditor.png}
                                                  \\
Try typing  <return>  to proceed.
If that doesn't work, type  X <return>  to quit.


Overfull \hbox (15.00002pt too wide) in paragraph at lines 380--382
[][] 
 []


Underfull \vbox (badness 10000) has occurred while \output is active []

 [10]

LaTeX Warning: File `Appendix/LengthEditor.png' not found on input line 383.


/Users/cemandrewgultekin/Documents/GitHub/MLAI-11/Latex Report/selection.tex:383: Package pdftex.def Error: File `Appendix/LengthEditor.png' not found: using draft setting.

See the pdftex.def package documentation for explanation.
Type  H <return>  for immediate help.
 ...                                              
                                                  
l.383 ...0.5\textwidth]{Appendix/LengthEditor.png}
                                                  \\
Try typing  <return>  to proceed.
If that doesn't work, type  X <return>  to quit.


Overfull \hbox (15.00002pt too wide) in paragraph at lines 383--385
[][] 
 []


LaTeX Warning: File `Appendix/BaselineEditor.png' not found on input line 386.


/Users/cemandrewgultekin/Documents/GitHub/MLAI-11/Latex Report/selection.tex:386: Package pdftex.def Error: File `Appendix/BaselineEditor.png' not found: using draft setting.

See the pdftex.def package documentation for explanation.
Type  H <return>  for immediate help.
 ...                                              
                                                  
l.386 ...5\textwidth]{Appendix/BaselineEditor.png}
                                                  \\
Try typing  <return>  to proceed.
If that doesn't work, type  X <return>  to quit.


Overfull \hbox (15.00002pt too wide) in paragraph at lines 386--388
[][] 
 []


Underfull \vbox (badness 10000) has occurred while \output is active []



LaTeX Warning: File `Appendix/PolicyEditor.png' not found on input line 389.


/Users/cemandrewgultekin/Documents/GitHub/MLAI-11/Latex Report/selection.tex:389: Package pdftex.def Error: File `Appendix/PolicyEditor.png' not found: using draft setting.

See the pdftex.def package documentation for explanation.
Type  H <return>  for immediate help.
 ...                                              
                                                  
l.389 ...0.5\textwidth]{Appendix/PolicyEditor.png}
                                                  \\
Try typing  <return>  to proceed.
If that doesn't work, type  X <return>  to quit.


Overfull \hbox (15.00002pt too wide) in paragraph at lines 389--391
[][] 
 []


LaTeX Warning: File `Appendix/ValueEditor.png' not found on input line 392.


/Users/cemandrewgultekin/Documents/GitHub/MLAI-11/Latex Report/selection.tex:392: Package pdftex.def Error: File `Appendix/ValueEditor.png' not found: using draft setting.

See the pdftex.def package documentation for explanation.
Type  H <return>  for immediate help.
 ...                                              
                                                  
l.392 ...=0.5\textwidth]{Appendix/ValueEditor.png}
                                                  \\
Try typing  <return>  to proceed.
If that doesn't work, type  X <return>  to quit.


Overfull \hbox (15.00002pt too wide) in paragraph at lines 392--394
[][] 
 []


Underfull \vbox (badness 10000) has occurred while \output is active []

 [11]

LaTeX Warning: File `Appendix/EloPre1.png' not found on input line 395.


/Users/cemandrewgultekin/Documents/GitHub/MLAI-11/Latex Report/selection.tex:395: Package pdftex.def Error: File `Appendix/EloPre1.png' not found: using draft setting.

See the pdftex.def package documentation for explanation.
Type  H <return>  for immediate help.
 ...                                              
                                                  
l.395 ...idth=0.5\textwidth]{Appendix/EloPre1.png}
                                                  \\
Try typing  <return>  to proceed.
If that doesn't work, type  X <return>  to quit.


Overfull \hbox (15.00002pt too wide) in paragraph at lines 395--397
[][] 
 []


LaTeX Warning: File `Appendix/RewardPre1.png' not found on input line 398.


/Users/cemandrewgultekin/Documents/GitHub/MLAI-11/Latex Report/selection.tex:398: Package pdftex.def Error: File `Appendix/RewardPre1.png' not found: using draft setting.

See the pdftex.def package documentation for explanation.
Type  H <return>  for immediate help.
 ...                                              
                                                  
l.398 ...h=0.5\textwidth]{Appendix/RewardPre1.png}
                                                  \\
Try typing  <return>  to proceed.
If that doesn't work, type  X <return>  to quit.


Overfull \hbox (15.00002pt too wide) in paragraph at lines 398--400
[][] 
 []


Underfull \vbox (badness 10000) has occurred while \output is active []



LaTeX Warning: File `Appendix/LengthPre1.png' not found on input line 401.


/Users/cemandrewgultekin/Documents/GitHub/MLAI-11/Latex Report/selection.tex:401: Package pdftex.def Error: File `Appendix/LengthPre1.png' not found: using draft setting.

See the pdftex.def package documentation for explanation.
Type  H <return>  for immediate help.
 ...                                              
                                                  
l.401 ...h=0.5\textwidth]{Appendix/LengthPre1.png}
                                                  \\
Try typing  <return>  to proceed.
If that doesn't work, type  X <return>  to quit.


Overfull \hbox (15.00002pt too wide) in paragraph at lines 401--403
[][] 
 []


LaTeX Warning: File `Appendix/BaselinePre1.png' not found on input line 404.


/Users/cemandrewgultekin/Documents/GitHub/MLAI-11/Latex Report/selection.tex:404: Package pdftex.def Error: File `Appendix/BaselinePre1.png' not found: using draft setting.

See the pdftex.def package documentation for explanation.
Type  H <return>  for immediate help.
 ...                                              
                                                  
l.404 ...0.5\textwidth]{Appendix/BaselinePre1.png}
                                                  \\
Try typing  <return>  to proceed.
If that doesn't work, type  X <return>  to quit.


Overfull \hbox (15.00002pt too wide) in paragraph at lines 404--406
[][] 
 []


Underfull \vbox (badness 10000) has occurred while \output is active []

 [12]

LaTeX Warning: File `Appendix/PolicyPre1.png' not found on input line 407.


/Users/cemandrewgultekin/Documents/GitHub/MLAI-11/Latex Report/selection.tex:407: Package pdftex.def Error: File `Appendix/PolicyPre1.png' not found: using draft setting.

See the pdftex.def package documentation for explanation.
Type  H <return>  for immediate help.
 ...                                              
                                                  
l.407 ...h=0.5\textwidth]{Appendix/PolicyPre1.png}
                                                  \\
Try typing  <return>  to proceed.
If that doesn't work, type  X <return>  to quit.


Overfull \hbox (15.00002pt too wide) in paragraph at lines 407--409
[][] 
 []


LaTeX Warning: File `Appendix/ValuePre1.png' not found on input line 410.


/Users/cemandrewgultekin/Documents/GitHub/MLAI-11/Latex Report/selection.tex:410: Package pdftex.def Error: File `Appendix/ValuePre1.png' not found: using draft setting.

See the pdftex.def package documentation for explanation.
Type  H <return>  for immediate help.
 ...                                              
                                                  
l.410 ...th=0.5\textwidth]{Appendix/ValuePre1.png}
                                                  \\
Try typing  <return>  to proceed.
If that doesn't work, type  X <return>  to quit.


Overfull \hbox (15.00002pt too wide) in paragraph at lines 410--412
[][] 
 []


Underfull \vbox (badness 10000) has occurred while \output is active []



LaTeX Warning: File `Appendix/ELOpre2.png' not found on input line 413.


/Users/cemandrewgultekin/Documents/GitHub/MLAI-11/Latex Report/selection.tex:413: Package pdftex.def Error: File `Appendix/ELOpre2.png' not found: using draft setting.

See the pdftex.def package documentation for explanation.
Type  H <return>  for immediate help.
 ...                                              
                                                  
l.413 ...idth=0.5\textwidth]{Appendix/ELOpre2.png}
                                                  \\
Try typing  <return>  to proceed.
If that doesn't work, type  X <return>  to quit.


Overfull \hbox (15.00002pt too wide) in paragraph at lines 413--415
[][] 
 []


LaTeX Warning: File `Appendix/RewardPre2.png' not found on input line 416.


/Users/cemandrewgultekin/Documents/GitHub/MLAI-11/Latex Report/selection.tex:416: Package pdftex.def Error: File `Appendix/RewardPre2.png' not found: using draft setting.

See the pdftex.def package documentation for explanation.
Type  H <return>  for immediate help.
 ...                                              
                                                  
l.416 ...h=0.5\textwidth]{Appendix/RewardPre2.png}
                                                  \\
Try typing  <return>  to proceed.
If that doesn't work, type  X <return>  to quit.


Overfull \hbox (15.00002pt too wide) in paragraph at lines 416--418
[][] 
 []


Underfull \vbox (badness 10000) has occurred while \output is active []

 [13]

LaTeX Warning: File `Appendix/LengthPre2.png' not found on input line 419.


/Users/cemandrewgultekin/Documents/GitHub/MLAI-11/Latex Report/selection.tex:419: Package pdftex.def Error: File `Appendix/LengthPre2.png' not found: using draft setting.

See the pdftex.def package documentation for explanation.
Type  H <return>  for immediate help.
 ...                                              
                                                  
l.419 ...h=0.5\textwidth]{Appendix/LengthPre2.png}
                                                  \\
Try typing  <return>  to proceed.
If that doesn't work, type  X <return>  to quit.


Overfull \hbox (15.00002pt too wide) in paragraph at lines 419--421
[][] 
 []


LaTeX Warning: File `Appendix/BaselinePre2.png' not found on input line 422.


/Users/cemandrewgultekin/Documents/GitHub/MLAI-11/Latex Report/selection.tex:422: Package pdftex.def Error: File `Appendix/BaselinePre2.png' not found: using draft setting.

See the pdftex.def package documentation for explanation.
Type  H <return>  for immediate help.
 ...                                              
                                                  
l.422 ...0.5\textwidth]{Appendix/BaselinePre2.png}
                                                  \\
Try typing  <return>  to proceed.
If that doesn't work, type  X <return>  to quit.


Overfull \hbox (15.00002pt too wide) in paragraph at lines 422--424
[][] 
 []


Underfull \vbox (badness 10000) has occurred while \output is active []



LaTeX Warning: File `Appendix/PolicyPre2.png' not found on input line 425.


/Users/cemandrewgultekin/Documents/GitHub/MLAI-11/Latex Report/selection.tex:425: Package pdftex.def Error: File `Appendix/PolicyPre2.png' not found: using draft setting.

See the pdftex.def package documentation for explanation.
Type  H <return>  for immediate help.
 ...                                              
                                                  
l.425 ...h=0.5\textwidth]{Appendix/PolicyPre2.png}
                                                  \\
Try typing  <return>  to proceed.
If that doesn't work, type  X <return>  to quit.


Overfull \hbox (15.00002pt too wide) in paragraph at lines 425--427
[][] 
 []


LaTeX Warning: File `Appendix/ValuePre2.png' not found on input line 428.


/Users/cemandrewgultekin/Documents/GitHub/MLAI-11/Latex Report/selection.tex:428: Package pdftex.def Error: File `Appendix/ValuePre2.png' not found: using draft setting.

See the pdftex.def package documentation for explanation.
Type  H <return>  for immediate help.
 ...                                              
                                                  
l.428 ...th=0.5\textwidth]{Appendix/ValuePre2.png}
                                                  \\
Try typing  <return>  to proceed.
If that doesn't work, type  X <return>  to quit.


Overfull \hbox (15.00002pt too wide) in paragraph at lines 428--430
[][] 
 []


Underfull \vbox (badness 10000) has occurred while \output is active []

 [14]

LaTeX Warning: File `Appendix/CombinedElo.png' not found on input line 431.


/Users/cemandrewgultekin/Documents/GitHub/MLAI-11/Latex Report/selection.tex:431: Package pdftex.def Error: File `Appendix/CombinedElo.png' not found: using draft setting.

See the pdftex.def package documentation for explanation.
Type  H <return>  for immediate help.
 ...                                              
                                                  
l.431 ...=0.5\textwidth]{Appendix/CombinedElo.png}
                                                  \\
Try typing  <return>  to proceed.
If that doesn't work, type  X <return>  to quit.


Overfull \hbox (15.00002pt too wide) in paragraph at lines 431--433
[][] 
 []


LaTeX Warning: File `Appendix/CombinedPLoss.png' not found on input line 434.


/Users/cemandrewgultekin/Documents/GitHub/MLAI-11/Latex Report/selection.tex:434: Package pdftex.def Error: File `Appendix/CombinedPLoss.png' not found: using draft setting.

See the pdftex.def package documentation for explanation.
Type  H <return>  for immediate help.
 ...                                              
                                                  
l.434 ....5\textwidth]{Appendix/CombinedPLoss.png}
                                                  \\
Try typing  <return>  to proceed.
If that doesn't work, type  X <return>  to quit.


Overfull \hbox (15.00002pt too wide) in paragraph at lines 434--436
[][] 
 []


Underfull \vbox (badness 10000) has occurred while \output is active []



LaTeX Warning: File `Appendix/CombinedCumulative.png' not found on input line 437.


/Users/cemandrewgultekin/Documents/GitHub/MLAI-11/Latex Report/selection.tex:437: Package pdftex.def Error: File `Appendix/CombinedCumulative.png' not found: using draft setting.

See the pdftex.def package documentation for explanation.
Type  H <return>  for immediate help.
 ...                                              
                                                  
l.437 ...xtwidth]{Appendix/CombinedCumulative.png}
                                                  \\
Try typing  <return>  to proceed.
If that doesn't work, type  X <return>  to quit.


Overfull \hbox (15.00002pt too wide) in paragraph at lines 437--439
[][] 
 []


LaTeX Warning: File `Appendix/SoundElo.png' not found on input line 440.


/Users/cemandrewgultekin/Documents/GitHub/MLAI-11/Latex Report/selection.tex:440: Package pdftex.def Error: File `Appendix/SoundElo.png' not found: using draft setting.

See the pdftex.def package documentation for explanation.
Type  H <return>  for immediate help.
 ...                                              
                                                  
l.440 ...dth=0.5\textwidth]{Appendix/SoundElo.png}
                                                  \\
Try typing  <return>  to proceed.
If that doesn't work, type  X <return>  to quit.


Overfull \hbox (15.00002pt too wide) in paragraph at lines 440--442
[][] 
 []


Underfull \vbox (badness 10000) has occurred while \output is active []

 [15]

LaTeX Warning: File `Appendix/SoundPLoss.png' not found on input line 443.


/Users/cemandrewgultekin/Documents/GitHub/MLAI-11/Latex Report/selection.tex:443: Package pdftex.def Error: File `Appendix/SoundPLoss.png' not found: using draft setting.

See the pdftex.def package documentation for explanation.
Type  H <return>  for immediate help.
 ...                                              
                                                  
l.443 ...h=0.5\textwidth]{Appendix/SoundPLoss.png}
                                                  \\
Try typing  <return>  to proceed.
If that doesn't work, type  X <return>  to quit.


Overfull \hbox (15.00002pt too wide) in paragraph at lines 443--445
[][] 
 []


LaTeX Warning: File `Appendix/SoundCumulative.png' not found on input line 446.


/Users/cemandrewgultekin/Documents/GitHub/MLAI-11/Latex Report/selection.tex:446: Package pdftex.def Error: File `Appendix/SoundCumulative.png' not found: using draft setting.

See the pdftex.def package documentation for explanation.
Type  H <return>  for immediate help.
 ...                                              
                                                  
l.446 ...\textwidth]{Appendix/SoundCumulative.png}
                                                  \\
Try typing  <return>  to proceed.
If that doesn't work, type  X <return>  to quit.


Overfull \hbox (15.00002pt too wide) in paragraph at lines 446--448
[][] 
 []


Underfull \vbox (badness 10000) has occurred while \output is active []



LaTeX Warning: File `Appendix/EyesElo.png' not found on input line 449.


/Users/cemandrewgultekin/Documents/GitHub/MLAI-11/Latex Report/selection.tex:449: Package pdftex.def Error: File `Appendix/EyesElo.png' not found: using draft setting.

See the pdftex.def package documentation for explanation.
Type  H <return>  for immediate help.
 ...                                              
                                                  
l.449 ...idth=0.5\textwidth]{Appendix/EyesElo.png}
                                                  \\
Try typing  <return>  to proceed.
If that doesn't work, type  X <return>  to quit.


Overfull \hbox (15.00002pt too wide) in paragraph at lines 449--451
[][] 
 []


LaTeX Warning: File `Appendix/EyesPLoss.png' not found on input line 452.


/Users/cemandrewgultekin/Documents/GitHub/MLAI-11/Latex Report/selection.tex:452: Package pdftex.def Error: File `Appendix/EyesPLoss.png' not found: using draft setting.

See the pdftex.def package documentation for explanation.
Type  H <return>  for immediate help.
 ...                                              
                                                  
l.452 ...th=0.5\textwidth]{Appendix/EyesPLoss.png}
                                                  \\
Try typing  <return>  to proceed.
If that doesn't work, type  X <return>  to quit.


Overfull \hbox (15.00002pt too wide) in paragraph at lines 452--454
[][] 
 []


Underfull \vbox (badness 10000) has occurred while \output is active []

 [16]

LaTeX Warning: File `Appendix/EyesCumulative.png' not found on input line 455.


/Users/cemandrewgultekin/Documents/GitHub/MLAI-11/Latex Report/selection.tex:455: Package pdftex.def Error: File `Appendix/EyesCumulative.png' not found: using draft setting.

See the pdftex.def package documentation for explanation.
Type  H <return>  for immediate help.
 ...                                              
                                                  
l.455 ...5\textwidth]{Appendix/EyesCumulative.png}
                                                  \\
Try typing  <return>  to proceed.
If that doesn't work, type  X <return>  to quit.


Overfull \hbox (15.00002pt too wide) in paragraph at lines 455--457
[][] 
 []


LaTeX Warning: File `Appendix/CPUusage.png' not found on input line 458.


/Users/cemandrewgultekin/Documents/GitHub/MLAI-11/Latex Report/selection.tex:458: Package pdftex.def Error: File `Appendix/CPUusage.png' not found: using draft setting.

See the pdftex.def package documentation for explanation.
Type  H <return>  for immediate help.
 ...                                              
                                                  
l.458 ...dth=0.5\textwidth]{Appendix/CPUusage.png}
                                                  \\
Try typing  <return>  to proceed.
If that doesn't work, type  X <return>  to quit.


Overfull \hbox (15.00002pt too wide) in paragraph at lines 458--460
[][] 
 []


Underfull \vbox (badness 10000) has occurred while \output is active []



LaTeX Warning: File `Appendix/RAMusage.png' not found on input line 461.


/Users/cemandrewgultekin/Documents/GitHub/MLAI-11/Latex Report/selection.tex:461: Package pdftex.def Error: File `Appendix/RAMusage.png' not found: using draft setting.

See the pdftex.def package documentation for explanation.
Type  H <return>  for immediate help.
 ...                                              
                                                  
l.461 ...dth=0.5\textwidth]{Appendix/RAMusage.png}
                                                  \\
Try typing  <return>  to proceed.
If that doesn't work, type  X <return>  to quit.


Overfull \hbox (15.00002pt too wide) in paragraph at lines 461--463
[][] 
 []


LaTeX Warning: File `Appendix/figure 4.png' not found on input line 464.


/Users/cemandrewgultekin/Documents/GitHub/MLAI-11/Latex Report/selection.tex:464: Package pdftex.def Error: File `Appendix/figure 4.png' not found: using draft setting.

See the pdftex.def package documentation for explanation.
Type  H <return>  for immediate help.
 ...                                              
                                                  
l.464 ...th=0.45\textwidth]{Appendix/figure 4.png}
                                                  \\
Try typing  <return>  to proceed.
If that doesn't work, type  X <return>  to quit.


Underfull \vbox (badness 10000) has occurred while \output is active []

 [17]

LaTeX Warning: File `Appendix/figure 6.png' not found on input line 468.


/Users/cemandrewgultekin/Documents/GitHub/MLAI-11/Latex Report/selection.tex:468: Package pdftex.def Error: File `Appendix/figure 6.png' not found: using draft setting.

See the pdftex.def package documentation for explanation.
Type  H <return>  for immediate help.
 ...                                              
                                                  
l.468 ...dth=0.5\textwidth]{Appendix/figure 6.png}
                                                  \\
Try typing  <return>  to proceed.
If that doesn't work, type  X <return>  to quit.


Overfull \hbox (15.00002pt too wide) in paragraph at lines 468--470
[][] 
 []


LaTeX Warning: File `Appendix/EloBatchSize.PNG' not found on input line 471.


/Users/cemandrewgultekin/Documents/GitHub/MLAI-11/Latex Report/selection.tex:471: Package pdftex.def Error: File `Appendix/EloBatchSize.PNG' not found: using draft setting.

See the pdftex.def package documentation for explanation.
Type  H <return>  for immediate help.
 ...                                              
                                                  
l.471 ...0.5\textwidth]{Appendix/EloBatchSize.PNG}
                                                  \\
Try typing  <return>  to proceed.
If that doesn't work, type  X <return>  to quit.


Overfull \hbox (15.00002pt too wide) in paragraph at lines 471--473
[][] 
 []


Underfull \vbox (badness 10000) has occurred while \output is active []



LaTeX Warning: File `Appendix/LossesBatchSize.PNG' not found on input line 474.


/Users/cemandrewgultekin/Documents/GitHub/MLAI-11/Latex Report/selection.tex:474: Package pdftex.def Error: File `Appendix/LossesBatchSize.PNG' not found: using draft setting.

See the pdftex.def package documentation for explanation.
Type  H <return>  for immediate help.
 ...                                              
                                                  
l.474 ...\textwidth]{Appendix/LossesBatchSize.PNG}
                                                  \\
Try typing  <return>  to proceed.
If that doesn't work, type  X <return>  to quit.


Overfull \hbox (15.00002pt too wide) in paragraph at lines 474--476
[][] 
 []


LaTeX Warning: File `Appendix/EloFieldAmount.PNG' not found on input line 477.


/Users/cemandrewgultekin/Documents/GitHub/MLAI-11/Latex Report/selection.tex:477: Package pdftex.def Error: File `Appendix/EloFieldAmount.PNG' not found: using draft setting.

See the pdftex.def package documentation for explanation.
Type  H <return>  for immediate help.
 ...                                              
                                                  
l.477 ...8\textwidth]{Appendix/EloFieldAmount.PNG}
                                                  \\
Try typing  <return>  to proceed.
If that doesn't work, type  X <return>  to quit.


Overfull \hbox (5.61801pt too wide) in paragraph at lines 477--479
[][] 
 []


Underfull \vbox (badness 10000) has occurred while \output is active []

 [18]

LaTeX Warning: File `Appendix/figure 9.png' not found on input line 480.


/Users/cemandrewgultekin/Documents/GitHub/MLAI-11/Latex Report/selection.tex:480: Package pdftex.def Error: File `Appendix/figure 9.png' not found: using draft setting.

See the pdftex.def package documentation for explanation.
Type  H <return>  for immediate help.
 ...                                              
                                                  
l.480 ...th=0.48\textwidth]{Appendix/figure 9.png}
                                                  \\
Try typing  <return>  to proceed.
If that doesn't work, type  X <return>  to quit.


Overfull \hbox (5.61801pt too wide) in paragraph at lines 480--482
[][] 
 []


LaTeX Warning: File `Appendix/figure 11.png' not found on input line 483.


/Users/cemandrewgultekin/Documents/GitHub/MLAI-11/Latex Report/selection.tex:483: Package pdftex.def Error: File `Appendix/figure 11.png' not found: using draft setting.

See the pdftex.def package documentation for explanation.
Type  H <return>  for immediate help.
 ...                                              
                                                  
l.483 ...th=0.5\textwidth]{Appendix/figure 11.png}
                                                  \\
Try typing  <return>  to proceed.
If that doesn't work, type  X <return>  to quit.


Overfull \hbox (15.00002pt too wide) in paragraph at lines 483--485
[][] 
 []


Underfull \vbox (badness 10000) has occurred while \output is active []



LaTeX Warning: File `Figures/Figure 2.png' not found on input line 486.


/Users/cemandrewgultekin/Documents/GitHub/MLAI-11/Latex Report/selection.tex:486: Package pdftex.def Error: File `Figures/Figure 2.png' not found: using draft setting.

See the pdftex.def package documentation for explanation.
Type  H <return>  for immediate help.
 ...                                              
                                                  
l.486 ...idth=0.5\textwidth]{Figures/Figure 2.png}
                                                  \\
Try typing  <return>  to proceed.
If that doesn't work, type  X <return>  to quit.


Overfull \hbox (15.00002pt too wide) in paragraph at lines 486--488
[][] 
 []


LaTeX Warning: File `Figures/Figure 3.png' not found on input line 489.


/Users/cemandrewgultekin/Documents/GitHub/MLAI-11/Latex Report/selection.tex:489: Package pdftex.def Error: File `Figures/Figure 3.png' not found: using draft setting.

See the pdftex.def package documentation for explanation.
Type  H <return>  for immediate help.
 ...                                              
                                                  
l.489 ...idth=0.5\textwidth]{Figures/Figure 3.png}
                                                  \\
Try typing  <return>  to proceed.
If that doesn't work, type  X <return>  to quit.


Overfull \hbox (15.00002pt too wide) in paragraph at lines 489--491
[][] 
 []


Underfull \vbox (badness 10000) has occurred while \output is active []

 [19]

LaTeX Warning: File `Figures/Figure 7.png' not found on input line 492.


/Users/cemandrewgultekin/Documents/GitHub/MLAI-11/Latex Report/selection.tex:492: Package pdftex.def Error: File `Figures/Figure 7.png' not found: using draft setting.

See the pdftex.def package documentation for explanation.
Type  H <return>  for immediate help.
 ...                                              
                                                  
l.492 ...idth=0.5\textwidth]{Figures/Figure 7.png}
                                                  \\
Try typing  <return>  to proceed.
If that doesn't work, type  X <return>  to quit.


Overfull \hbox (15.00002pt too wide) in paragraph at lines 492--494
[][] 
 []


LaTeX Warning: File `Figures/Figure 8.png' not found on input line 495.


/Users/cemandrewgultekin/Documents/GitHub/MLAI-11/Latex Report/selection.tex:495: Package pdftex.def Error: File `Figures/Figure 8.png' not found: using draft setting.

See the pdftex.def package documentation for explanation.
Type  H <return>  for immediate help.
 ...                                              
                                                  
l.495 ...idth=0.5\textwidth]{Figures/Figure 8.png}
                                                  \\
Try typing  <return>  to proceed.
If that doesn't work, type  X <return>  to quit.


Overfull \hbox (15.00002pt too wide) in paragraph at lines 495--497
[][] 
 []


Underfull \vbox (badness 10000) has occurred while \output is active []



LaTeX Warning: File `Appendix/LR 0001.png' not found on input line 498.


/Users/cemandrewgultekin/Documents/GitHub/MLAI-11/Latex Report/selection.tex:498: Package pdftex.def Error: File `Appendix/LR 0001.png' not found: using draft setting.

See the pdftex.def package documentation for explanation.
Type  H <return>  for immediate help.
 ...                                              
                                                  
l.498 ...dth=0.48\textwidth]{Appendix/LR 0001.png}
                                                  \\
Try typing  <return>  to proceed.
If that doesn't work, type  X <return>  to quit.


Overfull \hbox (5.61801pt too wide) in paragraph at lines 498--500
[][] 
 []


LaTeX Warning: File `Appendix/LR 0009.png' not found on input line 501.


/Users/cemandrewgultekin/Documents/GitHub/MLAI-11/Latex Report/selection.tex:501: Package pdftex.def Error: File `Appendix/LR 0009.png' not found: using draft setting.

See the pdftex.def package documentation for explanation.
Type  H <return>  for immediate help.
 ...                                              
                                                  
l.501 ...dth=0.48\textwidth]{Appendix/LR 0009.png}
                                                  \\
Try typing  <return>  to proceed.
If that doesn't work, type  X <return>  to quit.


Overfull \hbox (5.61801pt too wide) in paragraph at lines 501--503
[][] 
 []


Underfull \vbox (badness 10000) has occurred while \output is active []

 [20]

LaTeX Warning: File `Appendix/baseline.png' not found on input line 504.


/Users/cemandrewgultekin/Documents/GitHub/MLAI-11/Latex Report/selection.tex:504: Package pdftex.def Error: File `Appendix/baseline.png' not found: using draft setting.

See the pdftex.def package documentation for explanation.
Type  H <return>  for immediate help.
 ...                                              
                                                  
l.504 ...dth=0.5\textwidth]{Appendix/baseline.png}
                                                  \\
Try typing  <return>  to proceed.
If that doesn't work, type  X <return>  to quit.


Overfull \hbox (15.00002pt too wide) in paragraph at lines 504--506
[][] 
 []


LaTeX Warning: File `Appendix/hidden units 256.png' not found on input line 507.


/Users/cemandrewgultekin/Documents/GitHub/MLAI-11/Latex Report/selection.tex:507: Package pdftex.def Error: File `Appendix/hidden units 256.png' not found: using draft setting.

See the pdftex.def package documentation for explanation.
Type  H <return>  for immediate help.
 ...                                              
                                                  
l.507 ...textwidth]{Appendix/hidden units 256.png}
                                                  \\
Try typing  <return>  to proceed.
If that doesn't work, type  X <return>  to quit.


Overfull \hbox (15.00002pt too wide) in paragraph at lines 507--509
[][] 
 []


Underfull \vbox (badness 10000) has occurred while \output is active []



LaTeX Warning: File `Appendix/hiddenunits 1024.png ' not found on input line 510.


/Users/cemandrewgultekin/Documents/GitHub/MLAI-11/Latex Report/selection.tex:510: Package pdftex.def Error: File `Appendix/hiddenunits 1024.png' not found: using draft setting.

See the pdftex.def package documentation for explanation.
Type  H <return>  for immediate help.
 ...                                              
                                                  
l.510 ...extwidth]{Appendix/hiddenunits 1024.png }
                                                  \\
Try typing  <return>  to proceed.
If that doesn't work, type  X <return>  to quit.


Overfull \hbox (15.00002pt too wide) in paragraph at lines 510--512
[][] 
 []


LaTeX Warning: File `Figures/figure 5.png ' not found on input line 513.


/Users/cemandrewgultekin/Documents/GitHub/MLAI-11/Latex Report/selection.tex:513: Package pdftex.def Error: File `Figures/figure 5.png' not found: using draft setting.

See the pdftex.def package documentation for explanation.
Type  H <return>  for immediate help.
 ...                                              
                                                  
l.513 ...dth=0.5\textwidth]{Figures/figure 5.png }
                                                  \\
Try typing  <return>  to proceed.
If that doesn't work, type  X <return>  to quit.


Overfull \hbox (15.00002pt too wide) in paragraph at lines 513--515
[][] 
 []


Underfull \vbox (badness 10000) has occurred while \output is active []

 [21]

LaTeX Warning: File `Figures/figure 10.png ' not found on input line 516.


/Users/cemandrewgultekin/Documents/GitHub/MLAI-11/Latex Report/selection.tex:516: Package pdftex.def Error: File `Figures/figure 10.png' not found: using draft setting.

See the pdftex.def package documentation for explanation.
Type  H <return>  for immediate help.
 ...                                              
                                                  
l.516 ...th=0.5\textwidth]{Figures/figure 10.png }
                                                  \\
Try typing  <return>  to proceed.
If that doesn't work, type  X <return>  to quit.


Overfull \hbox (15.00002pt too wide) in paragraph at lines 516--518
[][] 
 []

[22

] (./selection.aux)
 ***********
LaTeX2e <2023-11-01> patch level 1
L3 programming layer <2024-02-20>
 ***********


LaTeX Warning: There were undefined references.


LaTeX Warning: Label(s) may have changed. Rerun to get cross-references right.


Package rerunfilecheck Warning: File `selection.out' has changed.
(rerunfilecheck)                Rerun to get outlines right
(rerunfilecheck)                or use package `bookmark'.

Package rerunfilecheck Info: Checksums for `selection.out':
(rerunfilecheck)             Before: <no file>
(rerunfilecheck)             After:  FED266229374EE0A90A740D2A56E7BEB;6357.
 ) 
Here is how much of TeX's memory you used:
 10693 strings out of 474116
 192178 string characters out of 5743681
 1944187 words of memory out of 5000000
 32884 multiletter control sequences out of 15000+600000
 565211 words of font info for 61 fonts, out of 8000000 for 9000
 1141 hyphenation exceptions out of 8191
 75i,9n,79p,1873b,655s stack positions out of 10000i,1000n,20000p,200000b,200000s
</usr/local/texlive/2024/texmf-dist/fonts/type1/public/amsfonts/cm/cmbx12.pfb></usr/local/texlive/2024/texmf-dist/fonts/type1/public/amsfonts/cm/cmbx9.pfb></usr/local/texlive/2024/texmf-dist/fonts/type1/public/amsfonts/cm/cmmi9.pfb></usr/local/texlive/2024/texmf-dist/fonts/type1/public/amsfonts/cm/cmr12.pfb></usr/local/texlive/2024/texmf-dist/fonts/type1/public/amsfonts/cm/cmr17.pfb></usr/local/texlive/2024/texmf-dist/fonts/type1/public/amsfonts/cm/cmr5.pfb></usr/local/texlive/2024/texmf-dist/fonts/type1/public/amsfonts/cm/cmr6.pfb></usr/local/texlive/2024/texmf-dist/fonts/type1/public/amsfonts/cm/cmr9.pfb></usr/local/texlive/2024/texmf-dist/fonts/type1/public/amsfonts/cm/cmsy6.pfb></usr/local/texlive/2024/texmf-dist/fonts/type1/public/amsfonts/cm/cmsy9.pfb></usr/local/texlive/2024/texmf-dist/fonts/type1/public/amsfonts/cm/cmti9.pfb></usr/local/texlive/2024/texmf-dist/fonts/type1/public/amsfonts/cm/cmtt9.pfb></usr/local/texlive/2024/texmf-dist/fonts/type1/public/cm-super/sfrm0900.pfb>
Output written on selection.pdf (22 pages, 212821 bytes).
PDF statistics:
 230 PDF objects out of 1000 (max. 8388607)
 178 compressed objects within 2 object streams
 71 named destinations out of 1000 (max. 500000)
 1 words of extra memory for PDF output out of 10000 (max. 10000000)

